# JRE version: OpenJDK Runtime Environment (8.0_152-b02) (build 1.8.0_152-release-1024-b02)
# Java VM: OpenJDK 64-Bit Server VM (25.152-b02 mixed mode windows-amd64 compressed oops)
Heap:
 PSYoungGen      total 165376K, used 30221K [0x00000000e0000000, 0x00000000ed100000, 0x0000000100000000)
  eden space 136704K, 20% used [0x00000000e0000000,0x00000000e1b13460,0x00000000e8580000)
  from space 28672K, 8% used [0x00000000e8580000,0x00000000e87f0030,0x00000000ea180000)
  to   space 28160K, 0% used [0x00000000eb580000,0x00000000eb580000,0x00000000ed100000)
 ParOldGen       total 137728K, used 78675K [0x00000000a0000000, 0x00000000a8680000, 0x00000000e0000000)
  object space 137728K, 57% used [0x00000000a0000000,0x00000000a4cd4e00,0x00000000a8680000)
 Metaspace       used 80167K, capacity 83768K, committed 84056K, reserved 1122304K
  class space    used 10294K, capacity 11079K, committed 11136K, reserved 1048576K
GC Heap History (10 events):
Event: 129.777 GC heap before
{Heap before GC invocations=43 (full 4):
 PSYoungGen      total 130048K, used 115900K [0x00000000e0000000, 0x00000000e9d00000, 0x0000000100000000)
  eden space 99328K, 100% used [0x00000000e0000000,0x00000000e6100000,0x00000000e6100000)
  from space 30720K, 53% used [0x00000000e7f00000,0x00000000e8f2f2d0,0x00000000e9d00000)
  to   space 30720K, 0% used [0x00000000e6100000,0x00000000e6100000,0x00000000e7f00000)
 ParOldGen       total 137728K, used 65583K [0x00000000a0000000, 0x00000000a8680000, 0x00000000e0000000)
  object space 137728K, 47% used [0x00000000a0000000,0x00000000a400be78,0x00000000a8680000)
 Metaspace       used 75754K, capacity 78798K, committed 79576K, reserved 1118208K
  class space    used 9894K, capacity 10534K, committed 10752K, reserved 1048576K
Event: 129.789 GC heap after
Heap after GC invocations=43 (full 4):
 PSYoungGen      total 130048K, used 5485K [0x00000000e0000000, 0x00000000eae00000, 0x0000000100000000)
  eden space 99328K, 0% used [0x00000000e0000000,0x00000000e0000000,0x00000000e6100000)
  from space 30720K, 17% used [0x00000000e6100000,0x00000000e665b6a8,0x00000000e7f00000)
  to   space 30208K, 0% used [0x00000000e9080000,0x00000000e9080000,0x00000000eae00000)
 ParOldGen       total 137728K, used 72253K [0x00000000a0000000, 0x00000000a8680000, 0x00000000e0000000)
  object space 137728K, 52% used [0x00000000a0000000,0x00000000a468f580,0x00000000a8680000)
 Metaspace       used 75754K, capacity 78798K, committed 79576K, reserved 1118208K
  class space    used 9894K, capacity 10534K, committed 10752K, reserved 1048576K
}
Event: 129.839 GC heap before
{Heap before GC invocations=44 (full 4):
 PSYoungGen      total 130048K, used 104107K [0x00000000e0000000, 0x00000000eae00000, 0x0000000100000000)
  eden space 99328K, 99% used [0x00000000e0000000,0x00000000e604f560,0x00000000e6100000)
  from space 30720K, 17% used [0x00000000e6100000,0x00000000e665b6a8,0x00000000e7f00000)
  to   space 30208K, 0% used [0x00000000e9080000,0x00000000e9080000,0x00000000eae00000)
 ParOldGen       total 137728K, used 72253K [0x00000000a0000000, 0x00000000a8680000, 0x00000000e0000000)
  object space 137728K, 52% used [0x00000000a0000000,0x00000000a468f580,0x00000000a8680000)
 Metaspace       used 75782K, capacity 78798K, committed 79576K, reserved 1118208K
  class space    used 9894K, capacity 10534K, committed 10752K, reserved 1048576K
Event: 129.843 GC heap after
Heap after GC invocations=44 (full 4):
 PSYoungGen      total 147968K, used 438K [0x00000000e0000000, 0x00000000eb000000, 0x0000000100000000)
  eden space 117760K, 0% used [0x00000000e0000000,0x00000000e0000000,0x00000000e7300000)
  from space 30208K, 1% used [0x00000000e9080000,0x00000000e90ed9c0,0x00000000eae00000)
  to   space 30208K, 0% used [0x00000000e7300000,0x00000000e7300000,0x00000000e9080000)
 ParOldGen       total 137728K, used 73414K [0x00000000a0000000, 0x00000000a8680000, 0x00000000e0000000)
  object space 137728K, 53% used [0x00000000a0000000,0x00000000a47b1840,0x00000000a8680000)
 Metaspace       used 75782K, capacity 78798K, committed 79576K, reserved 1118208K
  class space    used 9894K, capacity 10534K, committed 10752K, reserved 1048576K
}
Event: 4377.427 GC heap before
{Heap before GC invocations=45 (full 4):
 PSYoungGen      total 147968K, used 118198K [0x00000000e0000000, 0x00000000eb000000, 0x0000000100000000)
  eden space 117760K, 100% used [0x00000000e0000000,0x00000000e7300000,0x00000000e7300000)
  from space 30208K, 1% used [0x00000000e9080000,0x00000000e90ed9c0,0x00000000eae00000)
  to   space 30208K, 0% used [0x00000000e7300000,0x00000000e7300000,0x00000000e9080000)
 ParOldGen       total 137728K, used 73414K [0x00000000a0000000, 0x00000000a8680000, 0x00000000e0000000)
  object space 137728K, 53% used [0x00000000a0000000,0x00000000a47b1840,0x00000000a8680000)
 Metaspace       used 79214K, capacity 82452K, committed 82904K, reserved 1122304K
  class space    used 10228K, capacity 10913K, committed 11008K, reserved 1048576K
Event: 4384.164 GC heap after
Heap after GC invocations=45 (full 4):
 PSYoungGen      total 147968K, used 5275K [0x00000000e0000000, 0x00000000ec100000, 0x0000000100000000)
  eden space 117760K, 0% used [0x00000000e0000000,0x00000000e0000000,0x00000000e7300000)
  from space 30208K, 17% used [0x00000000e7300000,0x00000000e7826d50,0x00000000e9080000)
  to   space 29696K, 0% used [0x00000000ea400000,0x00000000ea400000,0x00000000ec100000)
 ParOldGen       total 137728K, used 73662K [0x00000000a0000000, 0x00000000a8680000, 0x00000000e0000000)
  object space 137728K, 53% used [0x00000000a0000000,0x00000000a47efb90,0x00000000a8680000)
 Metaspace       used 79214K, capacity 82452K, committed 82904K, reserved 1122304K
  class space    used 10228K, capacity 10913K, committed 11008K, reserved 1048576K
}
Event: 4519.127 GC heap before
{Heap before GC invocations=46 (full 4):
 PSYoungGen      total 147968K, used 123035K [0x00000000e0000000, 0x00000000ec100000, 0x0000000100000000)
  eden space 117760K, 100% used [0x00000000e0000000,0x00000000e7300000,0x00000000e7300000)
  from space 30208K, 17% used [0x00000000e7300000,0x00000000e7826d50,0x00000000e9080000)
  to   space 29696K, 0% used [0x00000000ea400000,0x00000000ea400000,0x00000000ec100000)
 ParOldGen       total 137728K, used 73662K [0x00000000a0000000, 0x00000000a8680000, 0x00000000e0000000)
  object space 137728K, 53% used [0x00000000a0000000,0x00000000a47efb90,0x00000000a8680000)
 Metaspace       used 79723K, capacity 83124K, committed 83544K, reserved 1122304K
  class space    used 10267K, capacity 11015K, committed 11136K, reserved 1048576K
Event: 4519.591 GC heap after
Heap after GC invocations=46 (full 4):
 PSYoungGen      total 162816K, used 4197K [0x00000000e0000000, 0x00000000ebd80000, 0x0000000100000000)
  eden space 136704K, 0% used [0x00000000e0000000,0x00000000e0000000,0x00000000e8580000)
  from space 26112K, 16% used [0x00000000ea400000,0x00000000ea8197c0,0x00000000ebd80000)
  to   space 28672K, 0% used [0x00000000e8580000,0x00000000e8580000,0x00000000ea180000)
 ParOldGen       total 137728K, used 75891K [0x00000000a0000000, 0x00000000a8680000, 0x00000000e0000000)
  object space 137728K, 55% used [0x00000000a0000000,0x00000000a4a1cde0,0x00000000a8680000)
 Metaspace       used 79723K, capacity 83124K, committed 83544K, reserved 1122304K
  class space    used 10267K, capacity 11015K, committed 11136K, reserved 1048576K
}
Event: 4659.360 GC heap before
{Heap before GC invocations=47 (full 4):
 PSYoungGen      total 162816K, used 140901K [0x00000000e0000000, 0x00000000ebd80000, 0x0000000100000000)
  eden space 136704K, 100% used [0x00000000e0000000,0x00000000e8580000,0x00000000e8580000)
  from space 26112K, 16% used [0x00000000ea400000,0x00000000ea8197c0,0x00000000ebd80000)
  to   space 28672K, 0% used [0x00000000e8580000,0x00000000e8580000,0x00000000ea180000)
 ParOldGen       total 137728K, used 75891K [0x00000000a0000000, 0x00000000a8680000, 0x00000000e0000000)
  object space 137728K, 55% used [0x00000000a0000000,0x00000000a4a1cde0,0x00000000a8680000)
 Metaspace       used 80107K, capacity 83640K, committed 83800K, reserved 1122304K
  class space    used 10294K, capacity 11079K, committed 11136K, reserved 1048576K
Event: 4660.131 GC heap after
Heap after GC invocations=47 (full 4):
 PSYoungGen      total 165376K, used 2496K [0x00000000e0000000, 0x00000000ed100000, 0x0000000100000000)
  eden space 136704K, 0% used [0x00000000e0000000,0x00000000e0000000,0x00000000e8580000)
  from space 28672K, 8% used [0x00000000e8580000,0x00000000e87f0030,0x00000000ea180000)
  to   space 28160K, 0% used [0x00000000eb580000,0x00000000eb580000,0x00000000ed100000)
 ParOldGen       total 137728K, used 78675K [0x00000000a0000000, 0x00000000a8680000, 0x00000000e0000000)
  object space 137728K, 57% used [0x00000000a0000000,0x00000000a4cd4e00,0x00000000a8680000)
 Metaspace       used 80107K, capacity 83640K, committed 83800K, reserved 1122304K
  class space    used 10294K, capacity 11079K, committed 11136K, reserved 1048576K
}

